<?xml version="1.0" encoding="UTF-8"?>
<testsuite name="lighthouse" tests="8" failures="0"><testcase classname="lighthouse" name="categories.performance"><skipped message="warning" /></testcase><testcase classname="lighthouse" name="categories.accessibility" /><testcase classname="lighthouse" name="categories.best-practices"><skipped message="warning" /></testcase><testcase classname="lighthouse" name="categories.seo" /><testcase classname="lighthouse" name="cumulative-layout-shift"><skipped message="warning" /></testcase><testcase classname="lighthouse" name="largest-contentful-paint" /><testcase classname="lighthouse" name="total-blocking-time" /><testcase classname="lighthouse" name="interaction-to-next-paint" /></testsuite>